<?xml version="1.0" encoding="UTF-8"?>
<testng-results skipped="0" failed="0" ignored="0" total="4" passed="4">
  <reporter-output>
    <line>
      <![CDATA[User logged in successfully by valid credentials.]]>
    </line>
    <line>
      <![CDATA[User log in failed for incorrect Email ID.]]>
    </line>
    <line>
      <![CDATA[User log in failed for incorrect Password.]]>
    </line>
    <line>
      <![CDATA[Login button disabled by default.]]>
    </line>
  </reporter-output>
  <suite name="Default suite" duration-ms="198355" started-at="2017-06-27T17:43:43Z" finished-at="2017-06-27T17:47:01Z">
    <groups>
    </groups>
    <test name="Default test" duration-ms="198355" started-at="2017-06-27T17:43:43Z" finished-at="2017-06-27T17:47:01Z">
      <class name="testCases.LoginTest">
        <test-method status="PASS" signature="beforeClass()[pri:0, instance:testCases.LoginTest@3e57cd70]" name="beforeClass" is-config="true" duration-ms="29335" started-at="2017-06-27T23:13:43Z" finished-at="2017-06-27T23:14:12Z">
          <reporter-output>
          </reporter-output>
        </test-method> <!-- beforeClass -->
        <test-method status="PASS" signature="LoginByValidCredentialsTest()[pri:1, instance:testCases.LoginTest@3e57cd70]" name="LoginByValidCredentialsTest" duration-ms="104333" started-at="2017-06-27T23:14:12Z" finished-at="2017-06-27T23:15:56Z">
          <reporter-output>
            <line>
              <![CDATA[User logged in successfully by valid credentials.]]>
            </line>
          </reporter-output>
        </test-method> <!-- LoginByValidCredentialsTest -->
        <test-method status="PASS" signature="LoginByIncorrectEmailTest()[pri:2, instance:testCases.LoginTest@3e57cd70]" name="LoginByIncorrectEmailTest" duration-ms="21018" started-at="2017-06-27T23:15:56Z" finished-at="2017-06-27T23:16:17Z">
          <reporter-output>
            <line>
              <![CDATA[User log in failed for incorrect Email ID.]]>
            </line>
          </reporter-output>
        </test-method> <!-- LoginByIncorrectEmailTest -->
        <test-method status="PASS" signature="LoginByIncorrectPasswordTest()[pri:3, instance:testCases.LoginTest@3e57cd70]" name="LoginByIncorrectPasswordTest" duration-ms="22271" started-at="2017-06-27T23:16:17Z" finished-at="2017-06-27T23:16:40Z">
          <reporter-output>
            <line>
              <![CDATA[User log in failed for incorrect Password.]]>
            </line>
          </reporter-output>
        </test-method> <!-- LoginByIncorrectPasswordTest -->
        <test-method status="PASS" signature="LoginButtonBeforeCredentialsTest()[pri:4, instance:testCases.LoginTest@3e57cd70]" name="LoginButtonBeforeCredentialsTest" duration-ms="19317" started-at="2017-06-27T23:16:40Z" finished-at="2017-06-27T23:16:59Z">
          <reporter-output>
            <line>
              <![CDATA[Login button disabled by default.]]>
            </line>
          </reporter-output>
        </test-method> <!-- LoginButtonBeforeCredentialsTest -->
        <test-method status="PASS" signature="afterClass()[pri:0, instance:testCases.LoginTest@3e57cd70]" name="afterClass" is-config="true" duration-ms="2061" started-at="2017-06-27T23:16:59Z" finished-at="2017-06-27T23:17:01Z">
          <reporter-output>
          </reporter-output>
        </test-method> <!-- afterClass -->
      </class> <!-- testCases.LoginTest -->
    </test> <!-- Default test -->
  </suite> <!-- Default suite -->
</testng-results>
