<?xml version="1.0" encoding="UTF-8"?>
<!-- Generated by org.testng.reporters.JUnitXMLReporter -->
<testsuite hostname="Bajrang-PC" ignored="0" name="Chrome Login Test" tests="4" failures="0" timestamp="30 Jun 2017 18:05:52 GMT" time="242.003" errors="0">
  <testcase name="LoginByValidCredentialsTest" time="147.029" classname="testCases.LoginTest"/>
  <testcase name="LoginByIncorrectEmailTest" time="20.443" classname="testCases.LoginTest"/>
  <testcase name="LoginByIncorrectPasswordTest" time="17.664" classname="testCases.LoginTest"/>
  <testcase name="LoginButtonBeforeCredentialsTest" time="11.879" classname="testCases.LoginTest"/>
</testsuite> <!-- Chrome Login Test -->
