<?xml version="1.0" encoding="UTF-8"?>
<!-- Generated by org.testng.reporters.JUnitXMLReporter -->
<testsuite hostname="Bajrang-PC" ignored="0" name="Firefox Login Test" tests="4" failures="0" timestamp="30 Jun 2017 18:06:22 GMT" time="271.634" errors="0">
  <testcase name="LoginByValidCredentialsTest" time="170.156" classname="testCases.LoginTest"/>
  <testcase name="LoginByIncorrectEmailTest" time="24.773" classname="testCases.LoginTest"/>
  <testcase name="LoginByIncorrectPasswordTest" time="21.288" classname="testCases.LoginTest"/>
  <testcase name="LoginButtonBeforeCredentialsTest" time="16.533" classname="testCases.LoginTest"/>
</testsuite> <!-- Firefox Login Test -->
